 # Detector n:            1   SpecIn    (integrated over solid angle)
 # N. of energy intervals        1000
  1.000E-06  1.006E-06  1.080E-08  1.052E+01
  1.006E-06  1.013E-06  1.904E-08  4.047E+01
  1.013E-06  1.019E-06  1.163E-08  9.199E+00
  1.019E-06  1.025E-06  2.193E-02  9.900E+01
  1.025E-06  1.032E-06  1.676E-08  4.016E+01
  1.032E-06  1.038E-06  1.070E-08  1.094E+01
  1.038E-06  1.044E-06  5.300E-06  8.923E+01
  1.044E-06  1.051E-06  2.184E-08  3.512E+01
  1.051E-06  1.058E-06  2.017E-08  3.311E+01
  1.058E-06  1.064E-06  1.117E-08  9.635E+00
  1.064E-06  1.071E-06  2.198E-08  3.221E+01
  1.071E-06  1.077E-06  1.013E-08  6.122E+00
  1.077E-06  1.084E-06  1.353E+01  9.900E+01
  1.084E-06  1.091E-06  1.648E-08  3.599E+01
  1.091E-06  1.098E-06  4.672E+03  9.900E+01
  1.098E-06  1.105E-06  2.155E-08  2.898E+01
  1.105E-06  1.111E-06  1.623E-08  3.531E+01
  1.111E-06  1.118E-06  2.376E-08  4.164E+01
  1.118E-06  1.125E-06  2.604E+01  9.900E+01
  1.125E-06  1.132E-06  1.521E+04  6.771E+01
  1.132E-06  1.139E-06  2.178E-01  9.900E+01
  1.139E-06  1.147E-06  1.019E-08  7.302E+00
  1.147E-06  1.154E-06  1.546E+03  9.900E+01
  1.154E-06  1.161E-06  1.836E-08  4.365E+01
  1.161E-06  1.168E-06  9.856E-09  5.872E+00
  1.168E-06  1.175E-06  1.705E-08  3.445E+01
  1.175E-06  1.183E-06  6.554E+03  9.900E+01
  1.183E-06  1.190E-06  1.234E-08  1.187E+01
  1.190E-06  1.197E-06  3.019E-04  9.900E+01
  1.197E-06  1.205E-06  1.744E-08  3.442E+01
  1.205E-06  1.212E-06  9.672E-08  6.951E+01
  1.212E-06  1.220E-06  2.938E+00  9.900E+01
  1.220E-06  1.228E-06  1.132E-08  9.698E+00
  1.228E-06  1.235E-06  4.522E-04  9.900E+01
  1.235E-06  1.243E-06  4.938E-08  7.867E+01
  1.243E-06  1.251E-06  2.355E-08  2.900E+01
  1.251E-06  1.259E-06  1.719E-08  3.912E+01
  1.259E-06  1.266E-06  1.110E-08  1.085E+01
  1.266E-06  1.274E-06  1.372E-03  9.900E+01
  1.274E-06  1.282E-06  1.674E-08  3.739E+01
  1.282E-06  1.290E-06  2.435E-06  9.900E+01
  1.290E-06  1.298E-06  1.763E+04  9.900E+01
  1.298E-06  1.306E-06  5.347E+00  8.509E+01
  1.306E-06  1.314E-06  9.712E-09  6.114E+00
  1.314E-06  1.323E-06  1.105E-08  5.867E+00
  1.323E-06  1.331E-06  1.738E-08  3.953E+01
  1.331E-06  1.339E-06  1.891E-08  3.189E+01
  1.339E-06  1.348E-06  1.156E-08  8.808E+00
  1.348E-06  1.356E-06  1.058E-08  7.882E+00
  1.356E-06  1.364E-06  3.094E-08  2.674E+01
  1.364E-06  1.373E-06  1.048E-08  8.770E+00
  1.373E-06  1.381E-06  4.739E-08  5.726E+00
  1.381E-06  1.390E-06  1.796E-07  4.974E+00
  1.390E-06  1.399E-06  6.690E+06  5.186E-01
  1.399E-06  1.407E-06  1.499E-07  5.296E+00
  1.407E-06  1.416E-06  7.101E-08  5.315E+00
  1.416E-06  1.425E-06  7.034E-08  5.487E+00
  1.425E-06  1.434E-06  7.149E-08  5.402E+00
  1.434E-06  1.443E-06  7.063E-08  5.700E+00
  1.443E-06  1.452E-06  7.086E-08  5.803E+00
  1.452E-06  1.461E-06  7.212E-08  5.663E+00
  1.461E-06  1.470E-06  7.008E-08  5.565E+00
  1.470E-06  1.479E-06  7.018E-08  5.571E+00
  1.479E-06  1.488E-06  7.010E-08  5.073E+00
  1.488E-06  1.498E-06  7.134E-08  5.099E+00
  1.498E-06  1.507E-06  5.741E-08  5.607E+00
  1.507E-06  1.516E-06  5.330E-08  4.971E+00
  1.516E-06  1.526E-06  5.241E-08  5.094E+00
  1.526E-06  1.535E-06  5.215E-08  5.435E+00
  1.535E-06  1.545E-06  5.326E-08  5.868E+00
  1.545E-06  1.555E-06  5.280E-08  5.493E+00
  1.555E-06  1.564E-06  5.265E-08  5.753E+00
  1.564E-06  1.574E-06  5.203E-08  5.173E+00
  1.574E-06  1.584E-06  5.254E-08  5.605E+00
  1.584E-06  1.594E-06  5.327E-08  5.609E+00
  1.594E-06  1.604E-06  5.213E-08  5.335E+00
  1.604E-06  1.614E-06  5.323E-08  5.354E+00
  1.614E-06  1.624E-06  5.366E-08  4.946E+00
  1.624E-06  1.634E-06  5.293E-08  5.359E+00
  1.634E-06  1.644E-06  5.243E-08  4.973E+00
  1.644E-06  1.654E-06  5.281E-08  5.179E+00
  1.654E-06  1.665E-06  5.311E-08  5.066E+00
  1.665E-06  1.675E-06  5.292E-08  5.532E+00
  1.675E-06  1.685E-06  5.262E-08  5.386E+00
  1.685E-06  1.696E-06  5.197E-08  5.413E+00
  1.696E-06  1.707E-06  5.366E-08  5.519E+00
  1.707E-06  1.717E-06  5.326E-08  5.433E+00
  1.717E-06  1.728E-06  5.222E-08  5.220E+00
  1.728E-06  1.739E-06  5.265E-08  5.530E+00
  1.739E-06  1.749E-06  5.258E-08  5.499E+00
  1.749E-06  1.760E-06  5.231E-08  5.027E+00
  1.760E-06  1.771E-06  5.323E-08  5.832E+00
  1.771E-06  1.782E-06  5.353E-08  5.677E+00
  1.782E-06  1.794E-06  5.304E-08  5.846E+00
  1.794E-06  1.805E-06  5.286E-08  5.280E+00
  1.805E-06  1.816E-06  5.244E-08  5.418E+00
  1.816E-06  1.827E-06  5.380E-08  6.083E+00
  1.827E-06  1.839E-06  5.278E-08  5.939E+00
  1.839E-06  1.850E-06  5.291E-08  5.994E+00
  1.850E-06  1.862E-06  5.231E-08  5.810E+00
  1.862E-06  1.873E-06  5.272E-08  5.385E+00
  1.873E-06  1.885E-06  5.228E-08  5.824E+00
  1.885E-06  1.897E-06  5.221E-08  5.454E+00
  1.897E-06  1.908E-06  5.337E-08  5.521E+00
  1.908E-06  1.920E-06  5.254E-08  5.331E+00
  1.920E-06  1.932E-06  5.237E-08  5.513E+00
  1.932E-06  1.944E-06  5.374E-08  5.286E+00
  1.944E-06  1.957E-06  5.270E-08  5.701E+00
  1.957E-06  1.969E-06  5.272E-08  5.247E+00
  1.969E-06  1.981E-06  5.194E-08  5.677E+00
  1.981E-06  1.993E-06  5.293E-08  5.202E+00
  1.993E-06  2.006E-06  5.299E-08  5.567E+00
  2.006E-06  2.018E-06  5.221E-08  5.107E+00
  2.018E-06  2.031E-06  5.225E-08  5.757E+00
  2.031E-06  2.044E-06  5.262E-08  5.039E+00
  2.044E-06  2.056E-06  5.265E-08  5.327E+00
  2.056E-06  2.069E-06  5.239E-08  5.396E+00
  2.069E-06  2.082E-06  5.242E-08  5.484E+00
  2.082E-06  2.095E-06  5.239E-08  5.162E+00
  2.095E-06  2.108E-06  5.285E-08  5.481E+00
  2.108E-06  2.121E-06  5.198E-08  5.290E+00
  2.121E-06  2.134E-06  5.325E-08  5.507E+00
  2.134E-06  2.148E-06  5.257E-08  5.837E+00
  2.148E-06  2.161E-06  5.263E-08  5.138E+00
  2.161E-06  2.175E-06  5.293E-08  5.124E+00
  2.175E-06  2.188E-06  5.236E-08  5.338E+00
  2.188E-06  2.202E-06  5.222E-08  5.386E+00
  2.202E-06  2.215E-06  5.277E-08  5.462E+00
  2.215E-06  2.229E-06  5.366E-08  5.279E+00
  2.229E-06  2.243E-06  5.269E-08  5.360E+00
  2.243E-06  2.257E-06  5.284E-08  5.622E+00
  2.257E-06  2.271E-06  5.293E-08  5.228E+00
  2.271E-06  2.285E-06  5.294E-08  5.333E+00
  2.285E-06  2.300E-06  5.262E-08  5.818E+00
  2.300E-06  2.314E-06  5.255E-08  5.092E+00
  2.314E-06  2.328E-06  5.360E-08  5.420E+00
  2.328E-06  2.343E-06  5.351E-08  5.123E+00
  2.343E-06  2.358E-06  5.234E-08  5.685E+00
  2.358E-06  2.372E-06  5.244E-08  5.176E+00
  2.372E-06  2.387E-06  5.274E-08  5.158E+00
  2.387E-06  2.402E-06  5.261E-08  5.526E+00
  2.402E-06  2.417E-06  5.279E-08  5.700E+00
  2.417E-06  2.432E-06  5.253E-08  5.421E+00
  2.432E-06  2.447E-06  5.315E-08  5.297E+00
  2.447E-06  2.462E-06  5.273E-08  5.413E+00
  2.462E-06  2.478E-06  5.276E-08  5.471E+00
  2.478E-06  2.493E-06  5.230E-08  5.317E+00
  2.493E-06  2.509E-06  5.299E-08  5.805E+00
  2.509E-06  2.524E-06  5.252E-08  5.953E+00
  2.524E-06  2.540E-06  5.303E-08  5.038E+00
  2.540E-06  2.556E-06  5.264E-08  5.216E+00
  2.556E-06  2.572E-06  5.304E-08  5.657E+00
  2.572E-06  2.588E-06  5.274E-08  5.293E+00
  2.588E-06  2.604E-06  5.305E-08  5.639E+00
  2.604E-06  2.620E-06  5.301E-08  5.455E+00
  2.620E-06  2.637E-06  5.274E-08  5.151E+00
  2.637E-06  2.653E-06  5.257E-08  5.624E+00
  2.653E-06  2.670E-06  5.273E-08  5.632E+00
  2.670E-06  2.686E-06  5.228E-08  5.675E+00
  2.686E-06  2.703E-06  5.304E-08  5.212E+00
  2.703E-06  2.720E-06  5.253E-08  5.781E+00
  2.720E-06  2.737E-06  5.342E-08  5.292E+00
  2.737E-06  2.754E-06  5.276E-08  5.165E+00
  2.754E-06  2.771E-06  5.251E-08  5.146E+00
  2.771E-06  2.788E-06  5.318E-08  5.494E+00
  2.788E-06  2.806E-06  4.644E-08  5.440E+00
  2.806E-06  2.823E-06  3.081E-08  5.460E+00
  2.823E-06  2.841E-06  3.138E-08  5.825E+00
  2.841E-06  2.858E-06  3.133E-08  5.510E+00
  2.858E-06  2.876E-06  3.123E-08  5.292E+00
  2.876E-06  2.894E-06  3.115E-08  5.319E+00
  2.894E-06  2.912E-06  3.124E-08  5.494E+00
  2.912E-06  2.930E-06  3.124E-08  5.703E+00
  2.930E-06  2.949E-06  3.135E-08  5.659E+00
  2.949E-06  2.967E-06  3.108E-08  5.242E+00
  2.967E-06  2.985E-06  3.132E-08  5.232E+00
  2.985E-06  3.004E-06  3.129E-08  5.268E+00
  3.004E-06  3.023E-06  3.138E-08  5.572E+00
  3.023E-06  3.042E-06  3.153E-08  5.444E+00
  3.042E-06  3.061E-06  3.144E-08  5.322E+00
  3.061E-06  3.080E-06  3.144E-08  5.504E+00
  3.080E-06  3.099E-06  3.098E-08  5.465E+00
  3.099E-06  3.118E-06  3.082E-08  5.411E+00
  3.118E-06  3.138E-06  3.111E-08  5.369E+00
  3.138E-06  3.157E-06  3.133E-08  5.280E+00
  3.157E-06  3.177E-06  3.109E-08  5.227E+00
  3.177E-06  3.197E-06  3.089E-08  5.525E+00
  3.197E-06  3.217E-06  3.123E-08  5.396E+00
  3.217E-06  3.237E-06  3.063E-08  5.669E+00
  3.237E-06  3.257E-06  3.124E-08  5.588E+00
  3.257E-06  3.277E-06  3.120E-08  5.855E+00
  3.277E-06  3.298E-06  3.103E-08  5.335E+00
  3.298E-06  3.318E-06  3.106E-08  5.067E+00
  3.318E-06  3.339E-06  3.120E-08  5.474E+00
  3.339E-06  3.360E-06  3.135E-08  5.655E+00
  3.360E-06  3.381E-06  3.130E-08  5.540E+00
  3.381E-06  3.402E-06  3.116E-08  5.680E+00
  3.402E-06  3.423E-06  3.114E-08  5.793E+00
  3.423E-06  3.444E-06  3.141E-08  5.478E+00
  3.444E-06  3.466E-06  3.131E-08  5.530E+00
  3.466E-06  3.487E-06  3.108E-08  4.978E+00
  3.487E-06  3.509E-06  3.115E-08  5.693E+00
  3.509E-06  3.531E-06  3.127E-08  5.132E+00
  3.531E-06  3.553E-06  3.090E-08  5.543E+00
  3.553E-06  3.575E-06  3.140E-08  5.586E+00
  3.575E-06  3.597E-06  3.132E-08  5.431E+00
  3.597E-06  3.620E-06  3.137E-08  5.236E+00
  3.620E-06  3.642E-06  3.120E-08  5.832E+00
  3.642E-06  3.665E-06  3.091E-08  5.243E+00
  3.665E-06  3.688E-06  3.151E-08  5.508E+00
  3.688E-06  3.711E-06  3.100E-08  5.651E+00
  3.711E-06  3.734E-06  3.137E-08  5.502E+00
  3.734E-06  3.757E-06  3.109E-08  5.399E+00
  3.757E-06  3.781E-06  3.120E-08  5.634E+00
  3.781E-06  3.804E-06  3.155E-08  5.450E+00
  3.804E-06  3.828E-06  3.119E-08  5.191E+00
  3.828E-06  3.852E-06  3.097E-08  5.644E+00
  3.852E-06  3.876E-06  3.142E-08  5.533E+00
  3.876E-06  3.900E-06  3.159E-08  5.202E+00
  3.900E-06  3.924E-06  3.123E-08  5.456E+00
  3.924E-06  3.949E-06  3.134E-08  5.117E+00
  3.949E-06  3.973E-06  3.148E-08  5.677E+00
  3.973E-06  3.998E-06  3.138E-08  5.581E+00
  3.998E-06  4.023E-06  2.538E-08  5.052E+00
  4.023E-06  4.048E-06  2.514E-08  5.030E+00
  4.048E-06  4.073E-06  2.518E-08  6.004E+00
  4.073E-06  4.099E-06  2.509E-08  5.751E+00
  4.099E-06  4.124E-06  2.537E-08  5.334E+00
  4.124E-06  4.150E-06  2.530E-08  5.419E+00
  4.150E-06  4.176E-06  3.147E-08  5.349E+00
  4.176E-06  4.202E-06  1.308E+05  6.822E+00
  4.202E-06  4.228E-06  2.673E-08  5.199E+00
  4.228E-06  4.255E-06  2.420E-08  5.613E+00
  4.255E-06  4.281E-06  2.421E-08  5.383E+00
  4.281E-06  4.308E-06  2.336E-08  5.204E+00
  4.308E-06  4.335E-06  2.146E-08  5.561E+00
  4.335E-06  4.362E-06  2.110E-08  4.998E+00
  4.362E-06  4.389E-06  2.133E-08  5.403E+00
  4.389E-06  4.416E-06  2.125E-08  5.435E+00
  4.416E-06  4.444E-06  2.107E-08  5.067E+00
  4.444E-06  4.471E-06  2.132E-08  5.733E+00
  4.471E-06  4.499E-06  2.132E-08  5.498E+00
  4.499E-06  4.527E-06  2.149E-08  5.394E+00
  4.527E-06  4.556E-06  2.141E-08  5.503E+00
  4.556E-06  4.584E-06  2.140E-08  5.523E+00
  4.584E-06  4.613E-06  2.141E-08  5.471E+00
  4.613E-06  4.641E-06  2.118E-08  5.221E+00
  4.641E-06  4.670E-06  2.114E-08  5.268E+00
  4.670E-06  4.699E-06  2.132E-08  5.523E+00
  4.699E-06  4.729E-06  2.127E-08  5.405E+00
  4.729E-06  4.758E-06  2.120E-08  5.354E+00
  4.758E-06  4.788E-06  2.128E-08  5.149E+00
  4.788E-06  4.818E-06  2.146E-08  5.180E+00
  4.818E-06  4.848E-06  2.143E-08  5.458E+00
  4.848E-06  4.878E-06  2.139E-08  5.598E+00
  4.878E-06  4.908E-06  2.143E-08  5.545E+00
  4.908E-06  4.939E-06  2.121E-08  5.385E+00
  4.939E-06  4.970E-06  2.124E-08  4.994E+00
  4.970E-06  5.001E-06  2.130E-08  5.394E+00
  5.001E-06  5.032E-06  2.110E-08  5.603E+00
  5.032E-06  5.063E-06  2.130E-08  5.610E+00
  5.063E-06  5.095E-06  2.132E-08  5.227E+00
  5.095E-06  5.127E-06  2.131E-08  5.597E+00
  5.127E-06  5.159E-06  2.126E-08  5.704E+00
  5.159E-06  5.191E-06  2.113E-08  5.469E+00
  5.191E-06  5.223E-06  2.145E-08  5.467E+00
  5.223E-06  5.256E-06  2.127E-08  5.542E+00
  5.256E-06  5.288E-06  2.116E-08  5.380E+00
  5.288E-06  5.321E-06  2.126E-08  5.212E+00
  5.321E-06  5.354E-06  2.117E-08  5.148E+00
  5.354E-06  5.388E-06  2.136E-08  5.358E+00
  5.388E-06  5.421E-06  2.148E-08  5.643E+00
  5.421E-06  5.455E-06  2.151E-08  5.501E+00
  5.455E-06  5.489E-06  2.112E-08  5.364E+00
  5.489E-06  5.523E-06  1.811E-08  5.406E+00
  5.523E-06  5.558E-06  1.670E-08  5.312E+00
  5.558E-06  5.593E-06  1.664E-08  5.457E+00
  5.593E-06  5.627E-06  1.680E-08  5.480E+00
  5.627E-06  5.663E-06  1.666E-08  5.402E+00
  5.663E-06  5.698E-06  1.690E-08  5.497E+00
  5.698E-06  5.733E-06  1.673E-08  5.365E+00
  5.733E-06  5.769E-06  1.684E-08  5.676E+00
  5.769E-06  5.805E-06  1.689E-08  5.425E+00
  5.805E-06  5.841E-06  1.676E-08  5.089E+00
  5.841E-06  5.878E-06  1.697E-08  5.664E+00
  5.878E-06  5.914E-06  1.697E-08  5.294E+00
  5.914E-06  5.951E-06  1.693E-08  5.508E+00
  5.951E-06  5.988E-06  1.670E-08  5.284E+00
  5.988E-06  6.026E-06  1.679E-08  5.259E+00
  6.026E-06  6.063E-06  1.689E-08  5.553E+00
  6.063E-06  6.101E-06  1.683E-08  5.622E+00
  6.101E-06  6.139E-06  1.681E-08  5.489E+00
  6.139E-06  6.177E-06  1.679E-08  5.456E+00
  6.177E-06  6.216E-06  1.674E-08  5.517E+00
  6.216E-06  6.254E-06  1.678E-08  5.129E+00
  6.254E-06  6.293E-06  1.706E-08  5.177E+00
  6.293E-06  6.333E-06  1.680E-08  5.592E+00
  6.333E-06  6.372E-06  1.675E-08  5.359E+00
  6.372E-06  6.412E-06  1.695E-08  5.370E+00
  6.412E-06  6.452E-06  1.686E-08  5.356E+00
  6.452E-06  6.492E-06  1.674E-08  5.383E+00
  6.492E-06  6.533E-06  1.687E-08  5.401E+00
  6.533E-06  6.573E-06  1.692E-08  5.483E+00
  6.573E-06  6.614E-06  1.684E-08  5.175E+00
  6.614E-06  6.656E-06  1.681E-08  5.198E+00
  6.656E-06  6.697E-06  1.667E-08  5.152E+00
  6.697E-06  6.739E-06  1.681E-08  5.458E+00
  6.739E-06  6.781E-06  1.686E-08  5.439E+00
  6.781E-06  6.823E-06  1.679E-08  5.494E+00
  6.823E-06  6.866E-06  1.687E-08  5.283E+00
  6.866E-06  6.908E-06  1.632E-08  5.373E+00
  6.908E-06  6.951E-06  1.485E-08  5.611E+00
  6.951E-06  6.995E-06  1.247E+04  1.311E+01
  6.995E-06  7.038E-06  1.441E-08  5.586E+00
  7.038E-06  7.082E-06  1.374E-08  5.370E+00
  7.082E-06  7.126E-06  1.373E-08  5.309E+00
  7.126E-06  7.171E-06  1.383E-08  5.429E+00
  7.171E-06  7.216E-06  1.378E-08  5.450E+00
  7.216E-06  7.260E-06  1.385E-08  5.295E+00
  7.260E-06  7.306E-06  1.384E-08  5.424E+00
  7.306E-06  7.351E-06  1.373E-08  5.622E+00
  7.351E-06  7.397E-06  1.371E-08  5.401E+00
  7.397E-06  7.443E-06  1.373E-08  5.399E+00
  7.443E-06  7.490E-06  1.382E-08  5.640E+00
  7.490E-06  7.536E-06  1.373E-08  5.552E+00
  7.536E-06  7.583E-06  1.374E-08  5.320E+00
  7.583E-06  7.631E-06  1.381E-08  5.299E+00
  7.631E-06  7.678E-06  1.381E-08  5.682E+00
  7.678E-06  7.726E-06  1.374E-08  5.536E+00
  7.726E-06  7.774E-06  1.383E-08  5.214E+00
  7.774E-06  7.823E-06  1.377E-08  5.418E+00
  7.823E-06  7.871E-06  1.376E-08  5.472E+00
  7.871E-06  7.920E-06  1.386E-08  5.424E+00
  7.920E-06  7.970E-06  1.373E-08  5.351E+00
  7.970E-06  8.020E-06  1.303E-08  5.477E+00
  8.020E-06  8.070E-06  1.164E-08  5.209E+00
  8.070E-06  8.120E-06  1.167E-08  5.451E+00
  8.120E-06  8.170E-06  1.174E-08  5.512E+00
  8.170E-06  8.221E-06  1.178E-08  5.411E+00
  8.221E-06  8.273E-06  1.171E-08  5.414E+00
  8.273E-06  8.324E-06  1.174E-08  5.400E+00
  8.324E-06  8.376E-06  1.168E-08  5.323E+00
  8.376E-06  8.428E-06  1.177E-08  5.596E+00
  8.428E-06  8.481E-06  1.173E-08  5.440E+00
  8.481E-06  8.534E-06  1.170E-08  5.441E+00
  8.534E-06  8.587E-06  1.172E-08  5.375E+00
  8.587E-06  8.640E-06  1.170E-08  5.438E+00
  8.640E-06  8.694E-06  1.167E-08  5.228E+00
  8.694E-06  8.749E-06  1.164E-08  5.336E+00
  8.749E-06  8.803E-06  1.172E-08  5.475E+00
  8.803E-06  8.858E-06  1.175E-08  5.409E+00
  8.858E-06  8.913E-06  1.160E-08  5.396E+00
  8.913E-06  8.969E-06  1.170E-08  5.313E+00
  8.969E-06  9.025E-06  1.169E-08  5.685E+00
  9.025E-06  9.081E-06  1.165E-08  5.217E+00
  9.081E-06  9.138E-06  1.169E-08  5.484E+00
  9.138E-06  9.194E-06  1.169E-08  5.461E+00
  9.194E-06  9.252E-06  1.177E-08  5.423E+00
  9.252E-06  9.309E-06  1.168E-08  5.321E+00
  9.309E-06  9.367E-06  1.176E-08  5.620E+00
  9.367E-06  9.426E-06  1.169E-08  5.477E+00
  9.426E-06  9.485E-06  1.173E-08  5.290E+00
  9.485E-06  9.544E-06  1.170E-08  5.530E+00
  9.544E-06  9.603E-06  1.169E-08  5.388E+00
  9.603E-06  9.663E-06  1.177E-08  5.362E+00
  9.663E-06  9.723E-06  1.174E-08  5.392E+00
  9.723E-06  9.784E-06  2.283E+03  1.730E+01
  9.784E-06  9.845E-06  9.889E-09  5.194E+00
  9.845E-06  9.906E-06  9.969E-09  5.444E+00
  9.906E-06  9.968E-06  1.000E-08  5.432E+00
  9.968E-06  1.003E-05  9.984E-09  5.129E+00
  1.003E-05  1.009E-05  9.963E-09  5.485E+00
  1.009E-05  1.016E-05  9.909E-09  5.293E+00
  1.016E-05  1.022E-05  9.976E-09  5.419E+00
  1.022E-05  1.028E-05  9.910E-09  5.241E+00
  1.028E-05  1.035E-05  9.940E-09  5.452E+00
  1.035E-05  1.041E-05  9.994E-09  5.550E+00
  1.041E-05  1.048E-05  9.960E-09  5.331E+00
  1.048E-05  1.054E-05  9.918E-09  5.509E+00
  1.054E-05  1.061E-05  1.001E-08  5.344E+00
  1.061E-05  1.067E-05  9.927E-09  5.517E+00
  1.067E-05  1.074E-05  9.983E-09  5.331E+00
  1.074E-05  1.081E-05  9.986E-09  5.480E+00
  1.081E-05  1.087E-05  9.935E-09  5.431E+00
  1.087E-05  1.094E-05  9.933E-09  5.351E+00
  1.094E-05  1.101E-05  9.797E-09  5.178E+00
  1.101E-05  1.108E-05  8.830E-09  5.369E+00
  1.108E-05  1.115E-05  8.783E-09  5.237E+00
  1.115E-05  1.122E-05  8.804E-09  5.459E+00
  1.122E-05  1.129E-05  8.784E-09  5.408E+00
  1.129E-05  1.136E-05  8.789E-09  5.301E+00
  1.136E-05  1.143E-05  8.786E-09  5.392E+00
  1.143E-05  1.150E-05  8.796E-09  5.402E+00
  1.150E-05  1.157E-05  8.817E-09  5.470E+00
  1.157E-05  1.164E-05  8.801E-09  5.271E+00
  1.164E-05  1.172E-05  8.805E-09  5.588E+00
  1.172E-05  1.179E-05  8.790E-09  5.533E+00
  1.179E-05  1.186E-05  8.794E-09  5.238E+00
  1.186E-05  1.194E-05  8.762E-09  5.312E+00
  1.194E-05  1.201E-05  8.789E-09  5.441E+00
  1.201E-05  1.209E-05  8.863E-09  5.507E+00
  1.209E-05  1.216E-05  8.756E-09  5.272E+00
  1.216E-05  1.224E-05  8.803E-09  5.332E+00
  1.224E-05  1.231E-05  8.740E-09  5.476E+00
  1.231E-05  1.239E-05  8.774E-09  5.474E+00
  1.239E-05  1.247E-05  8.796E-09  5.552E+00
  1.247E-05  1.255E-05  8.837E-09  5.352E+00
  1.255E-05  1.262E-05  6.131E+02  2.035E+01
  1.262E-05  1.270E-05  7.810E-09  5.562E+00
  1.270E-05  1.278E-05  7.767E-09  5.339E+00
  1.278E-05  1.286E-05  7.750E-09  5.222E+00
  1.286E-05  1.294E-05  7.801E-09  5.436E+00
  1.294E-05  1.302E-05  7.800E-09  5.401E+00
  1.302E-05  1.310E-05  7.733E-09  5.458E+00
  1.310E-05  1.318E-05  7.750E-09  5.373E+00
  1.318E-05  1.327E-05  7.779E-09  5.329E+00
  1.327E-05  1.335E-05  7.755E-09  5.259E+00
  1.335E-05  1.343E-05  7.757E-09  5.370E+00
  1.343E-05  1.352E-05  7.805E-09  5.420E+00
  1.352E-05  1.360E-05  7.794E-09  5.528E+00
  1.360E-05  1.369E-05  7.745E-09  5.323E+00
  1.369E-05  1.377E-05  7.751E-09  5.438E+00
  1.377E-05  1.386E-05  7.783E-09  5.478E+00
  1.386E-05  1.394E-05  7.786E-09  5.342E+00
  1.394E-05  1.403E-05  7.524E-09  5.372E+00
  1.403E-05  1.412E-05  7.043E-09  5.376E+00
  1.412E-05  1.421E-05  7.016E-09  5.412E+00
  1.421E-05  1.429E-05  7.030E-09  5.532E+00
  1.429E-05  1.438E-05  7.000E-09  5.386E+00
  1.438E-05  1.447E-05  7.049E-09  5.517E+00
  1.447E-05  1.456E-05  7.049E-09  5.406E+00
  1.456E-05  1.465E-05  7.023E-09  5.625E+00
  1.465E-05  1.475E-05  7.013E-09  5.342E+00
  1.475E-05  1.484E-05  6.992E-09  5.378E+00
  1.484E-05  1.493E-05  7.063E-09  5.390E+00
  1.493E-05  1.502E-05  7.041E-09  5.309E+00
  1.502E-05  1.512E-05  7.041E-09  5.391E+00
  1.512E-05  1.521E-05  7.043E-09  5.499E+00
  1.521E-05  1.531E-05  7.041E-09  5.354E+00
  1.531E-05  1.540E-05  2.164E+02  1.160E+01
  1.540E-05  1.550E-05  6.385E-09  5.401E+00
  1.550E-05  1.559E-05  6.387E-09  5.425E+00
  1.559E-05  1.569E-05  6.396E-09  5.374E+00
  1.569E-05  1.579E-05  6.387E-09  5.427E+00
  1.579E-05  1.589E-05  6.362E-09  5.624E+00
  1.589E-05  1.599E-05  6.401E-09  5.316E+00
  1.599E-05  1.609E-05  6.373E-09  5.532E+00
  1.609E-05  1.619E-05  6.359E-09  5.503E+00
  1.619E-05  1.629E-05  6.373E-09  5.385E+00
  1.629E-05  1.639E-05  6.381E-09  5.628E+00
  1.639E-05  1.649E-05  6.369E-09  5.456E+00
  1.649E-05  1.659E-05  6.371E-09  5.472E+00
  1.659E-05  1.670E-05  6.368E-09  5.470E+00
  1.670E-05  1.680E-05  6.394E-09  5.280E+00
  1.680E-05  1.691E-05  6.393E-09  5.297E+00
  1.691E-05  1.701E-05  6.341E-09  5.423E+00
  1.701E-05  1.712E-05  5.883E-09  5.482E+00
  1.712E-05  1.722E-05  5.882E-09  5.346E+00
  1.722E-05  1.733E-05  5.864E-09  5.376E+00
  1.733E-05  1.744E-05  5.870E-09  5.365E+00
  1.744E-05  1.755E-05  5.892E-09  5.395E+00
  1.755E-05  1.766E-05  5.840E-09  5.394E+00
  1.766E-05  1.777E-05  5.900E-09  5.392E+00
  1.777E-05  1.788E-05  5.878E-09  5.407E+00
  1.788E-05  1.799E-05  5.837E-09  5.499E+00
  1.799E-05  1.810E-05  5.900E-09  5.438E+00
  1.810E-05  1.821E-05  1.368E+02  1.567E+01
  1.821E-05  1.833E-05  5.494E-09  5.351E+00
  1.833E-05  1.844E-05  5.484E-09  5.449E+00
  1.844E-05  1.856E-05  5.483E-09  5.565E+00
  1.856E-05  1.867E-05  5.458E-09  5.441E+00
  1.867E-05  1.879E-05  5.486E-09  5.416E+00
  1.879E-05  1.891E-05  5.462E-09  5.541E+00
  1.891E-05  1.902E-05  5.473E-09  5.509E+00
  1.902E-05  1.914E-05  5.475E-09  5.381E+00
  1.914E-05  1.926E-05  5.448E-09  5.313E+00
  1.926E-05  1.938E-05  5.471E-09  5.406E+00
  1.938E-05  1.950E-05  5.476E-09  5.491E+00
  1.950E-05  1.962E-05  5.096E-09  5.293E+00
  1.962E-05  1.975E-05  5.090E-09  5.189E+00
  1.975E-05  1.987E-05  5.111E-09  5.360E+00
  1.987E-05  1.999E-05  5.115E-09  5.497E+00
  1.999E-05  2.012E-05  5.138E-09  5.535E+00
  2.012E-05  2.024E-05  5.105E-09  5.538E+00
  2.024E-05  2.037E-05  5.099E-09  5.344E+00
  2.037E-05  2.050E-05  5.102E-09  5.296E+00
  2.050E-05  2.062E-05  5.094E-09  5.485E+00
  2.062E-05  2.075E-05  5.062E-09  5.339E+00
  2.075E-05  2.088E-05  5.088E-09  5.437E+00
  2.088E-05  2.101E-05  5.860E+01  2.942E+01
  2.101E-05  2.114E-05  4.807E-09  5.336E+00
  2.114E-05  2.128E-05  4.812E-09  5.618E+00
  2.128E-05  2.141E-05  4.787E-09  5.612E+00
  2.141E-05  2.154E-05  4.791E-09  5.564E+00
  2.154E-05  2.168E-05  4.788E-09  5.479E+00
  2.168E-05  2.181E-05  4.798E-09  5.394E+00
  2.181E-05  2.195E-05  4.796E-09  5.216E+00
  2.195E-05  2.208E-05  4.634E-09  5.521E+00
  2.208E-05  2.222E-05  4.506E-09  5.414E+00
  2.222E-05  2.236E-05  4.532E-09  5.468E+00
  2.236E-05  2.250E-05  4.517E-09  5.500E+00
  2.250E-05  2.264E-05  4.519E-09  5.363E+00
  2.264E-05  2.278E-05  4.513E-09  5.482E+00
  2.278E-05  2.292E-05  4.492E-09  5.383E+00
  2.292E-05  2.307E-05  4.506E-09  5.460E+00
  2.307E-05  2.321E-05  4.524E-09  5.405E+00
  2.321E-05  2.335E-05  4.496E-09  5.355E+00
  2.335E-05  2.350E-05  4.521E-09  5.541E+00
  2.350E-05  2.365E-05  4.514E-09  5.307E+00
  2.365E-05  2.379E-05  2.953E+01  1.893E+01
  2.379E-05  2.394E-05  4.227E-09  5.514E+00
  2.394E-05  2.409E-05  4.229E-09  5.522E+00
  2.409E-05  2.424E-05  4.221E-09  5.261E+00
  2.424E-05  2.439E-05  4.228E-09  5.438E+00
  2.439E-05  2.454E-05  4.213E-09  5.538E+00
  2.454E-05  2.470E-05  4.224E-09  5.328E+00
  2.470E-05  2.485E-05  4.242E-09  5.590E+00
  2.485E-05  2.501E-05  4.231E-09  5.410E+00
  2.501E-05  2.516E-05  4.006E-09  5.494E+00
  2.516E-05  2.532E-05  4.000E-09  5.358E+00
  2.532E-05  2.548E-05  4.002E-09  5.337E+00
  2.548E-05  2.564E-05  3.985E-09  5.402E+00
  2.564E-05  2.580E-05  4.005E-09  5.363E+00
  2.580E-05  2.596E-05  3.997E-09  5.325E+00
  2.596E-05  2.612E-05  4.007E-09  5.421E+00
  2.612E-05  2.628E-05  3.993E-09  5.334E+00
  2.628E-05  2.645E-05  4.006E-09  5.580E+00
  2.645E-05  2.661E-05  2.207E+01  1.825E+01
  2.661E-05  2.678E-05  3.795E-09  5.257E+00
  2.678E-05  2.694E-05  3.777E-09  5.323E+00
  2.694E-05  2.711E-05  3.770E-09  5.281E+00
  2.711E-05  2.728E-05  3.786E-09  5.581E+00
  2.728E-05  2.745E-05  3.787E-09  5.378E+00
  2.745E-05  2.762E-05  3.784E-09  5.362E+00
  2.762E-05  2.779E-05  3.781E-09  5.440E+00
  2.779E-05  2.797E-05  3.787E-09  5.350E+00
  2.797E-05  2.814E-05  3.635E-09  5.396E+00
  2.814E-05  2.832E-05  3.579E-09  5.366E+00
  2.832E-05  2.849E-05  3.594E-09  5.384E+00
  2.849E-05  2.867E-05  3.595E-09  5.524E+00
  2.867E-05  2.885E-05  3.585E-09  5.447E+00
  2.885E-05  2.903E-05  3.613E-09  5.416E+00
  2.903E-05  2.921E-05  3.601E-09  5.541E+00
  2.921E-05  2.939E-05  8.451E+00  1.906E+01
  2.939E-05  2.958E-05  3.420E-09  5.385E+00
  2.958E-05  2.976E-05  3.416E-09  5.493E+00
  2.976E-05  2.995E-05  3.410E-09  5.421E+00
  2.995E-05  3.013E-05  3.399E-09  5.466E+00
  3.013E-05  3.032E-05  3.422E-09  5.418E+00
  3.032E-05  3.051E-05  3.429E-09  5.401E+00
  3.051E-05  3.070E-05  3.405E-09  5.477E+00
  3.070E-05  3.089E-05  3.420E-09  5.352E+00
  3.089E-05  3.108E-05  3.340E-09  5.412E+00
  3.108E-05  3.128E-05  3.264E-09  5.426E+00
  3.128E-05  3.147E-05  3.272E-09  5.404E+00
  3.147E-05  3.167E-05  3.258E-09  5.295E+00
  3.167E-05  3.187E-05  3.250E-09  5.407E+00
  3.187E-05  3.206E-05  3.272E-09  5.449E+00
  3.206E-05  3.226E-05  6.165E+00  1.690E+01
  3.226E-05  3.246E-05  3.160E-09  5.255E+00
  3.246E-05  3.267E-05  3.155E-09  5.377E+00
  3.267E-05  3.287E-05  3.168E-09  5.287E+00
  3.287E-05  3.308E-05  3.116E-09  5.350E+00
  3.308E-05  3.328E-05  3.036E-09  5.368E+00
  3.328E-05  3.349E-05  3.039E-09  5.471E+00
  3.349E-05  3.370E-05  3.035E-09  5.363E+00
  3.370E-05  3.391E-05  3.038E-09  5.454E+00
  3.391E-05  3.412E-05  3.040E-09  5.438E+00
  3.412E-05  3.433E-05  3.029E-09  5.372E+00
  3.433E-05  3.455E-05  3.027E-09  5.277E+00
  3.455E-05  3.476E-05  3.043E-09  5.368E+00
  3.476E-05  3.498E-05  2.159E+00  2.970E+01
  3.498E-05  3.520E-05  2.905E-09  5.473E+00
  3.520E-05  3.542E-05  2.909E-09  5.403E+00
  3.542E-05  3.564E-05  2.898E-09  5.397E+00
  3.564E-05  3.586E-05  2.899E-09  5.411E+00
  3.586E-05  3.608E-05  2.858E-09  5.350E+00
  3.608E-05  3.631E-05  2.795E-09  5.307E+00
  3.631E-05  3.653E-05  2.795E-09  5.469E+00
  3.653E-05  3.676E-05  2.791E-09  5.441E+00
  3.676E-05  3.699E-05  2.798E-09  5.466E+00
  3.699E-05  3.722E-05  2.790E-09  5.422E+00
  3.722E-05  3.745E-05  2.794E-09  5.404E+00
  3.745E-05  3.769E-05  1.325E+00  1.895E+01
  3.769E-05  3.792E-05  2.714E-09  5.466E+00
  3.792E-05  3.816E-05  2.711E-09  5.384E+00
  3.816E-05  3.840E-05  2.705E-09  5.374E+00
  3.840E-05  3.864E-05  2.660E-09  5.506E+00
  3.864E-05  3.888E-05  2.605E-09  5.503E+00
  3.888E-05  3.912E-05  2.615E-09  5.406E+00
  3.912E-05  3.936E-05  2.610E-09  5.441E+00
  3.936E-05  3.961E-05  2.606E-09  5.324E+00
  3.961E-05  3.985E-05  2.612E-09  5.409E+00
  3.985E-05  4.010E-05  2.606E-09  5.444E+00
  4.010E-05  4.035E-05  2.612E-09  5.386E+00
  4.035E-05  4.060E-05  7.112E-01  3.501E+01
  4.060E-05  4.086E-05  0.000E+00  0.000E+00
  4.086E-05  4.111E-05  0.000E+00  0.000E+00
  4.111E-05  4.137E-05  0.000E+00  0.000E+00
  4.137E-05  4.163E-05  0.000E+00  0.000E+00
  4.163E-05  4.189E-05  0.000E+00  0.000E+00
  4.189E-05  4.215E-05  0.000E+00  0.000E+00
  4.215E-05  4.241E-05  0.000E+00  0.000E+00
  4.241E-05  4.267E-05  0.000E+00  0.000E+00
  4.267E-05  4.294E-05  0.000E+00  0.000E+00
  4.294E-05  4.321E-05  0.000E+00  0.000E+00
  4.321E-05  4.348E-05  0.000E+00  0.000E+00
  4.348E-05  4.375E-05  0.000E+00  0.000E+00
  4.375E-05  4.402E-05  0.000E+00  0.000E+00
  4.402E-05  4.430E-05  0.000E+00  0.000E+00
  4.430E-05  4.457E-05  0.000E+00  0.000E+00
  4.457E-05  4.485E-05  0.000E+00  0.000E+00
  4.485E-05  4.513E-05  0.000E+00  0.000E+00
  4.513E-05  4.541E-05  0.000E+00  0.000E+00
  4.541E-05  4.569E-05  0.000E+00  0.000E+00
  4.569E-05  4.598E-05  0.000E+00  0.000E+00
  4.598E-05  4.627E-05  0.000E+00  0.000E+00
  4.627E-05  4.655E-05  0.000E+00  0.000E+00
  4.655E-05  4.684E-05  0.000E+00  0.000E+00
  4.684E-05  4.714E-05  0.000E+00  0.000E+00
  4.714E-05  4.743E-05  0.000E+00  0.000E+00
  4.743E-05  4.773E-05  0.000E+00  0.000E+00
  4.773E-05  4.802E-05  0.000E+00  0.000E+00
  4.802E-05  4.832E-05  0.000E+00  0.000E+00
  4.832E-05  4.862E-05  0.000E+00  0.000E+00
  4.862E-05  4.893E-05  0.000E+00  0.000E+00
  4.893E-05  4.923E-05  0.000E+00  0.000E+00
  4.923E-05  4.954E-05  0.000E+00  0.000E+00
  4.954E-05  4.985E-05  0.000E+00  0.000E+00
  4.985E-05  5.016E-05  0.000E+00  0.000E+00
  5.016E-05  5.047E-05  0.000E+00  0.000E+00
  5.047E-05  5.079E-05  0.000E+00  0.000E+00
  5.079E-05  5.110E-05  0.000E+00  0.000E+00
  5.110E-05  5.142E-05  0.000E+00  0.000E+00
  5.142E-05  5.174E-05  0.000E+00  0.000E+00
  5.174E-05  5.206E-05  0.000E+00  0.000E+00
  5.206E-05  5.239E-05  0.000E+00  0.000E+00
  5.239E-05  5.271E-05  0.000E+00  0.000E+00
  5.271E-05  5.304E-05  0.000E+00  0.000E+00
  5.304E-05  5.337E-05  0.000E+00  0.000E+00
  5.337E-05  5.371E-05  0.000E+00  0.000E+00
  5.371E-05  5.404E-05  0.000E+00  0.000E+00
  5.404E-05  5.438E-05  0.000E+00  0.000E+00
  5.438E-05  5.472E-05  0.000E+00  0.000E+00
  5.472E-05  5.506E-05  0.000E+00  0.000E+00
  5.506E-05  5.540E-05  0.000E+00  0.000E+00
  5.540E-05  5.575E-05  0.000E+00  0.000E+00
  5.575E-05  5.609E-05  0.000E+00  0.000E+00
  5.609E-05  5.644E-05  0.000E+00  0.000E+00
  5.644E-05  5.680E-05  0.000E+00  0.000E+00
  5.680E-05  5.715E-05  0.000E+00  0.000E+00
  5.715E-05  5.751E-05  0.000E+00  0.000E+00
  5.751E-05  5.787E-05  0.000E+00  0.000E+00
  5.787E-05  5.823E-05  0.000E+00  0.000E+00
  5.823E-05  5.859E-05  0.000E+00  0.000E+00
  5.859E-05  5.895E-05  0.000E+00  0.000E+00
  5.895E-05  5.932E-05  0.000E+00  0.000E+00
  5.932E-05  5.969E-05  0.000E+00  0.000E+00
  5.969E-05  6.006E-05  0.000E+00  0.000E+00
  6.006E-05  6.044E-05  0.000E+00  0.000E+00
  6.044E-05  6.081E-05  0.000E+00  0.000E+00
  6.081E-05  6.119E-05  0.000E+00  0.000E+00
  6.119E-05  6.158E-05  0.000E+00  0.000E+00
  6.158E-05  6.196E-05  0.000E+00  0.000E+00
  6.196E-05  6.235E-05  0.000E+00  0.000E+00
  6.235E-05  6.273E-05  0.000E+00  0.000E+00
  6.273E-05  6.313E-05  0.000E+00  0.000E+00
  6.313E-05  6.352E-05  0.000E+00  0.000E+00
  6.352E-05  6.391E-05  0.000E+00  0.000E+00
  6.391E-05  6.431E-05  0.000E+00  0.000E+00
  6.431E-05  6.471E-05  0.000E+00  0.000E+00
  6.471E-05  6.512E-05  0.000E+00  0.000E+00
  6.512E-05  6.552E-05  0.000E+00  0.000E+00
  6.552E-05  6.593E-05  0.000E+00  0.000E+00
  6.593E-05  6.634E-05  0.000E+00  0.000E+00
  6.634E-05  6.676E-05  0.000E+00  0.000E+00
  6.676E-05  6.717E-05  0.000E+00  0.000E+00
  6.717E-05  6.759E-05  0.000E+00  0.000E+00
  6.759E-05  6.801E-05  0.000E+00  0.000E+00
  6.801E-05  6.844E-05  0.000E+00  0.000E+00
  6.844E-05  6.886E-05  0.000E+00  0.000E+00
  6.886E-05  6.929E-05  0.000E+00  0.000E+00
  6.929E-05  6.972E-05  0.000E+00  0.000E+00
  6.972E-05  7.016E-05  0.000E+00  0.000E+00
  7.016E-05  7.060E-05  0.000E+00  0.000E+00
  7.060E-05  7.104E-05  0.000E+00  0.000E+00
  7.104E-05  7.148E-05  0.000E+00  0.000E+00
  7.148E-05  7.193E-05  0.000E+00  0.000E+00
  7.193E-05  7.237E-05  0.000E+00  0.000E+00
  7.237E-05  7.282E-05  0.000E+00  0.000E+00
  7.282E-05  7.328E-05  0.000E+00  0.000E+00
  7.328E-05  7.374E-05  0.000E+00  0.000E+00
  7.374E-05  7.420E-05  0.000E+00  0.000E+00
  7.420E-05  7.466E-05  0.000E+00  0.000E+00
  7.466E-05  7.512E-05  0.000E+00  0.000E+00
  7.512E-05  7.559E-05  0.000E+00  0.000E+00
  7.559E-05  7.606E-05  0.000E+00  0.000E+00
  7.606E-05  7.654E-05  0.000E+00  0.000E+00
  7.654E-05  7.701E-05  0.000E+00  0.000E+00
  7.701E-05  7.749E-05  0.000E+00  0.000E+00
  7.749E-05  7.798E-05  0.000E+00  0.000E+00
  7.798E-05  7.846E-05  0.000E+00  0.000E+00
  7.846E-05  7.895E-05  0.000E+00  0.000E+00
  7.895E-05  7.944E-05  0.000E+00  0.000E+00
  7.944E-05  7.994E-05  0.000E+00  0.000E+00
  7.994E-05  8.044E-05  0.000E+00  0.000E+00
  8.044E-05  8.094E-05  0.000E+00  0.000E+00
  8.094E-05  8.144E-05  0.000E+00  0.000E+00
  8.144E-05  8.195E-05  0.000E+00  0.000E+00
  8.195E-05  8.246E-05  0.000E+00  0.000E+00
  8.246E-05  8.298E-05  0.000E+00  0.000E+00
  8.298E-05  8.349E-05  0.000E+00  0.000E+00
  8.349E-05  8.401E-05  0.000E+00  0.000E+00
  8.401E-05  8.454E-05  0.000E+00  0.000E+00
  8.454E-05  8.507E-05  0.000E+00  0.000E+00
  8.507E-05  8.560E-05  0.000E+00  0.000E+00
  8.560E-05  8.613E-05  0.000E+00  0.000E+00
  8.613E-05  8.667E-05  0.000E+00  0.000E+00
  8.667E-05  8.721E-05  0.000E+00  0.000E+00
  8.721E-05  8.775E-05  0.000E+00  0.000E+00
  8.775E-05  8.830E-05  0.000E+00  0.000E+00
  8.830E-05  8.885E-05  0.000E+00  0.000E+00
  8.885E-05  8.940E-05  0.000E+00  0.000E+00
  8.940E-05  8.996E-05  0.000E+00  0.000E+00
  8.996E-05  9.052E-05  0.000E+00  0.000E+00
  9.052E-05  9.108E-05  0.000E+00  0.000E+00
  9.108E-05  9.165E-05  0.000E+00  0.000E+00
  9.165E-05  9.222E-05  0.000E+00  0.000E+00
  9.222E-05  9.280E-05  0.000E+00  0.000E+00
  9.280E-05  9.338E-05  0.000E+00  0.000E+00
  9.338E-05  9.396E-05  0.000E+00  0.000E+00
  9.396E-05  9.454E-05  0.000E+00  0.000E+00
  9.454E-05  9.513E-05  0.000E+00  0.000E+00
  9.513E-05  9.573E-05  0.000E+00  0.000E+00
  9.573E-05  9.632E-05  0.000E+00  0.000E+00
  9.632E-05  9.692E-05  0.000E+00  0.000E+00
  9.692E-05  9.753E-05  0.000E+00  0.000E+00
  9.753E-05  9.814E-05  0.000E+00  0.000E+00
  9.814E-05  9.875E-05  0.000E+00  0.000E+00
  9.875E-05  9.936E-05  0.000E+00  0.000E+00
  9.936E-05  9.998E-05  0.000E+00  0.000E+00
  9.998E-05  1.006E-04  0.000E+00  0.000E+00
  1.006E-04  1.012E-04  0.000E+00  0.000E+00
  1.012E-04  1.019E-04  0.000E+00  0.000E+00
  1.019E-04  1.025E-04  0.000E+00  0.000E+00
  1.025E-04  1.031E-04  0.000E+00  0.000E+00
  1.031E-04  1.038E-04  0.000E+00  0.000E+00
  1.038E-04  1.044E-04  0.000E+00  0.000E+00
  1.044E-04  1.051E-04  0.000E+00  0.000E+00
  1.051E-04  1.057E-04  0.000E+00  0.000E+00
  1.057E-04  1.064E-04  0.000E+00  0.000E+00
  1.064E-04  1.071E-04  0.000E+00  0.000E+00
  1.071E-04  1.077E-04  0.000E+00  0.000E+00
  1.077E-04  1.084E-04  0.000E+00  0.000E+00
  1.084E-04  1.091E-04  0.000E+00  0.000E+00
  1.091E-04  1.098E-04  0.000E+00  0.000E+00
  1.098E-04  1.104E-04  0.000E+00  0.000E+00
  1.104E-04  1.111E-04  0.000E+00  0.000E+00
  1.111E-04  1.118E-04  0.000E+00  0.000E+00
  1.118E-04  1.125E-04  0.000E+00  0.000E+00
  1.125E-04  1.132E-04  0.000E+00  0.000E+00
  1.132E-04  1.139E-04  0.000E+00  0.000E+00
  1.139E-04  1.146E-04  0.000E+00  0.000E+00
  1.146E-04  1.153E-04  0.000E+00  0.000E+00
  1.153E-04  1.161E-04  0.000E+00  0.000E+00
  1.161E-04  1.168E-04  0.000E+00  0.000E+00
  1.168E-04  1.175E-04  0.000E+00  0.000E+00
  1.175E-04  1.182E-04  0.000E+00  0.000E+00
  1.182E-04  1.190E-04  0.000E+00  0.000E+00
  1.190E-04  1.197E-04  0.000E+00  0.000E+00
  1.197E-04  1.205E-04  0.000E+00  0.000E+00
  1.205E-04  1.212E-04  0.000E+00  0.000E+00
  1.212E-04  1.220E-04  0.000E+00  0.000E+00
  1.220E-04  1.227E-04  0.000E+00  0.000E+00
  1.227E-04  1.235E-04  0.000E+00  0.000E+00
  1.235E-04  1.243E-04  0.000E+00  0.000E+00
  1.243E-04  1.251E-04  0.000E+00  0.000E+00
  1.251E-04  1.258E-04  0.000E+00  0.000E+00
  1.258E-04  1.266E-04  0.000E+00  0.000E+00
  1.266E-04  1.274E-04  0.000E+00  0.000E+00
  1.274E-04  1.282E-04  0.000E+00  0.000E+00
  1.282E-04  1.290E-04  0.000E+00  0.000E+00
  1.290E-04  1.298E-04  0.000E+00  0.000E+00
  1.298E-04  1.306E-04  0.000E+00  0.000E+00
  1.306E-04  1.314E-04  0.000E+00  0.000E+00
  1.314E-04  1.322E-04  0.000E+00  0.000E+00
  1.322E-04  1.331E-04  0.000E+00  0.000E+00
  1.331E-04  1.339E-04  0.000E+00  0.000E+00
  1.339E-04  1.347E-04  0.000E+00  0.000E+00
  1.347E-04  1.356E-04  0.000E+00  0.000E+00
  1.356E-04  1.364E-04  0.000E+00  0.000E+00
  1.364E-04  1.373E-04  0.000E+00  0.000E+00
  1.373E-04  1.381E-04  0.000E+00  0.000E+00
  1.381E-04  1.390E-04  0.000E+00  0.000E+00
  1.390E-04  1.399E-04  0.000E+00  0.000E+00
  1.399E-04  1.407E-04  0.000E+00  0.000E+00
  1.407E-04  1.416E-04  0.000E+00  0.000E+00
  1.416E-04  1.425E-04  0.000E+00  0.000E+00
  1.425E-04  1.434E-04  0.000E+00  0.000E+00
  1.434E-04  1.443E-04  0.000E+00  0.000E+00
  1.443E-04  1.452E-04  0.000E+00  0.000E+00
  1.452E-04  1.461E-04  0.000E+00  0.000E+00
  1.461E-04  1.470E-04  0.000E+00  0.000E+00
  1.470E-04  1.479E-04  0.000E+00  0.000E+00
  1.479E-04  1.488E-04  0.000E+00  0.000E+00
  1.488E-04  1.497E-04  0.000E+00  0.000E+00
  1.497E-04  1.507E-04  0.000E+00  0.000E+00
  1.507E-04  1.516E-04  0.000E+00  0.000E+00
  1.516E-04  1.526E-04  0.000E+00  0.000E+00
  1.526E-04  1.535E-04  0.000E+00  0.000E+00
  1.535E-04  1.545E-04  0.000E+00  0.000E+00
  1.545E-04  1.554E-04  0.000E+00  0.000E+00
  1.554E-04  1.564E-04  0.000E+00  0.000E+00
  1.564E-04  1.574E-04  0.000E+00  0.000E+00
  1.574E-04  1.584E-04  0.000E+00  0.000E+00
  1.584E-04  1.593E-04  0.000E+00  0.000E+00
  1.593E-04  1.603E-04  0.000E+00  0.000E+00
  1.603E-04  1.613E-04  0.000E+00  0.000E+00
  1.613E-04  1.623E-04  0.000E+00  0.000E+00
  1.623E-04  1.634E-04  0.000E+00  0.000E+00
  1.634E-04  1.644E-04  0.000E+00  0.000E+00
  1.644E-04  1.654E-04  0.000E+00  0.000E+00
  1.654E-04  1.664E-04  0.000E+00  0.000E+00
  1.664E-04  1.675E-04  0.000E+00  0.000E+00
  1.675E-04  1.685E-04  0.000E+00  0.000E+00
  1.685E-04  1.696E-04  0.000E+00  0.000E+00
  1.696E-04  1.706E-04  0.000E+00  0.000E+00
  1.706E-04  1.717E-04  0.000E+00  0.000E+00
  1.717E-04  1.728E-04  0.000E+00  0.000E+00
  1.728E-04  1.738E-04  0.000E+00  0.000E+00
  1.738E-04  1.749E-04  0.000E+00  0.000E+00
  1.749E-04  1.760E-04  0.000E+00  0.000E+00
  1.760E-04  1.771E-04  0.000E+00  0.000E+00
  1.771E-04  1.782E-04  0.000E+00  0.000E+00
  1.782E-04  1.793E-04  0.000E+00  0.000E+00
  1.793E-04  1.804E-04  0.000E+00  0.000E+00
  1.804E-04  1.816E-04  0.000E+00  0.000E+00
  1.816E-04  1.827E-04  0.000E+00  0.000E+00
  1.827E-04  1.838E-04  0.000E+00  0.000E+00
  1.838E-04  1.850E-04  0.000E+00  0.000E+00
  1.850E-04  1.861E-04  0.000E+00  0.000E+00
  1.861E-04  1.873E-04  0.000E+00  0.000E+00
  1.873E-04  1.885E-04  0.000E+00  0.000E+00
  1.885E-04  1.896E-04  0.000E+00  0.000E+00
  1.896E-04  1.908E-04  0.000E+00  0.000E+00
  1.908E-04  1.920E-04  0.000E+00  0.000E+00
  1.920E-04  1.932E-04  0.000E+00  0.000E+00
  1.932E-04  1.944E-04  0.000E+00  0.000E+00
  1.944E-04  1.956E-04  0.000E+00  0.000E+00
  1.956E-04  1.968E-04  0.000E+00  0.000E+00
  1.968E-04  1.981E-04  0.000E+00  0.000E+00
  1.981E-04  1.993E-04  0.000E+00  0.000E+00
  1.993E-04  2.005E-04  0.000E+00  0.000E+00
  2.005E-04  2.018E-04  0.000E+00  0.000E+00
  2.018E-04  2.031E-04  0.000E+00  0.000E+00
  2.031E-04  2.043E-04  0.000E+00  0.000E+00
  2.043E-04  2.056E-04  0.000E+00  0.000E+00
  2.056E-04  2.069E-04  0.000E+00  0.000E+00
  2.069E-04  2.082E-04  0.000E+00  0.000E+00
  2.082E-04  2.095E-04  0.000E+00  0.000E+00
  2.095E-04  2.108E-04  0.000E+00  0.000E+00
  2.108E-04  2.121E-04  0.000E+00  0.000E+00
  2.121E-04  2.134E-04  0.000E+00  0.000E+00
  2.134E-04  2.147E-04  0.000E+00  0.000E+00
  2.147E-04  2.161E-04  0.000E+00  0.000E+00
  2.161E-04  2.174E-04  0.000E+00  0.000E+00
  2.174E-04  2.188E-04  0.000E+00  0.000E+00
  2.188E-04  2.201E-04  0.000E+00  0.000E+00
  2.201E-04  2.215E-04  0.000E+00  0.000E+00
  2.215E-04  2.229E-04  0.000E+00  0.000E+00
  2.229E-04  2.243E-04  0.000E+00  0.000E+00
  2.243E-04  2.257E-04  0.000E+00  0.000E+00
  2.257E-04  2.271E-04  0.000E+00  0.000E+00
  2.271E-04  2.285E-04  0.000E+00  0.000E+00
  2.285E-04  2.299E-04  0.000E+00  0.000E+00
  2.299E-04  2.314E-04  0.000E+00  0.000E+00
  2.314E-04  2.328E-04  0.000E+00  0.000E+00
  2.328E-04  2.343E-04  0.000E+00  0.000E+00
  2.343E-04  2.357E-04  0.000E+00  0.000E+00
  2.357E-04  2.372E-04  0.000E+00  0.000E+00
  2.372E-04  2.387E-04  0.000E+00  0.000E+00
  2.387E-04  2.401E-04  0.000E+00  0.000E+00
  2.401E-04  2.416E-04  0.000E+00  0.000E+00
  2.416E-04  2.432E-04  0.000E+00  0.000E+00
  2.432E-04  2.447E-04  0.000E+00  0.000E+00
  2.447E-04  2.462E-04  0.000E+00  0.000E+00
  2.462E-04  2.477E-04  0.000E+00  0.000E+00
  2.477E-04  2.493E-04  0.000E+00  0.000E+00
  2.493E-04  2.508E-04  0.000E+00  0.000E+00
  2.508E-04  2.524E-04  0.000E+00  0.000E+00
  2.524E-04  2.540E-04  0.000E+00  0.000E+00
  2.540E-04  2.555E-04  0.000E+00  0.000E+00
  2.555E-04  2.571E-04  0.000E+00  0.000E+00
  2.571E-04  2.587E-04  0.000E+00  0.000E+00
  2.587E-04  2.604E-04  0.000E+00  0.000E+00
  2.604E-04  2.620E-04  0.000E+00  0.000E+00
  2.620E-04  2.636E-04  0.000E+00  0.000E+00
  2.636E-04  2.653E-04  0.000E+00  0.000E+00
  2.653E-04  2.669E-04  0.000E+00  0.000E+00
  2.669E-04  2.686E-04  0.000E+00  0.000E+00
  2.686E-04  2.702E-04  0.000E+00  0.000E+00
  2.702E-04  2.719E-04  0.000E+00  0.000E+00
  2.719E-04  2.736E-04  0.000E+00  0.000E+00
  2.736E-04  2.753E-04  0.000E+00  0.000E+00
  2.753E-04  2.770E-04  0.000E+00  0.000E+00
  2.770E-04  2.788E-04  0.000E+00  0.000E+00
  2.788E-04  2.805E-04  0.000E+00  0.000E+00
  2.805E-04  2.823E-04  0.000E+00  0.000E+00
  2.823E-04  2.840E-04  0.000E+00  0.000E+00
  2.840E-04  2.858E-04  0.000E+00  0.000E+00
  2.858E-04  2.876E-04  0.000E+00  0.000E+00
  2.876E-04  2.894E-04  0.000E+00  0.000E+00
  2.894E-04  2.912E-04  0.000E+00  0.000E+00
  2.912E-04  2.930E-04  0.000E+00  0.000E+00
  2.930E-04  2.948E-04  0.000E+00  0.000E+00
  2.948E-04  2.966E-04  0.000E+00  0.000E+00
  2.966E-04  2.985E-04  0.000E+00  0.000E+00
  2.985E-04  3.004E-04  0.000E+00  0.000E+00
  3.004E-04  3.022E-04  0.000E+00  0.000E+00
  3.022E-04  3.041E-04  0.000E+00  0.000E+00
  3.041E-04  3.060E-04  0.000E+00  0.000E+00
  3.060E-04  3.079E-04  0.000E+00  0.000E+00
  3.079E-04  3.098E-04  0.000E+00  0.000E+00
  3.098E-04  3.118E-04  0.000E+00  0.000E+00
  3.118E-04  3.137E-04  0.000E+00  0.000E+00
  3.137E-04  3.157E-04  0.000E+00  0.000E+00
  3.157E-04  3.176E-04  0.000E+00  0.000E+00
  3.176E-04  3.196E-04  0.000E+00  0.000E+00
  3.196E-04  3.216E-04  0.000E+00  0.000E+00
  3.216E-04  3.236E-04  0.000E+00  0.000E+00
  3.236E-04  3.256E-04  0.000E+00  0.000E+00
  3.256E-04  3.277E-04  0.000E+00  0.000E+00
  3.277E-04  3.297E-04  0.000E+00  0.000E+00
  3.297E-04  3.318E-04  0.000E+00  0.000E+00
  3.318E-04  3.338E-04  0.000E+00  0.000E+00
  3.338E-04  3.359E-04  0.000E+00  0.000E+00
  3.359E-04  3.380E-04  0.000E+00  0.000E+00
  3.380E-04  3.401E-04  0.000E+00  0.000E+00
  3.401E-04  3.422E-04  0.000E+00  0.000E+00
  3.422E-04  3.444E-04  0.000E+00  0.000E+00
  3.444E-04  3.465E-04  0.000E+00  0.000E+00
  3.465E-04  3.487E-04  0.000E+00  0.000E+00
  3.487E-04  3.508E-04  0.000E+00  0.000E+00
  3.508E-04  3.530E-04  0.000E+00  0.000E+00
  3.530E-04  3.552E-04  0.000E+00  0.000E+00
  3.552E-04  3.574E-04  0.000E+00  0.000E+00
  3.574E-04  3.597E-04  0.000E+00  0.000E+00
  3.597E-04  3.619E-04  0.000E+00  0.000E+00
  3.619E-04  3.642E-04  0.000E+00  0.000E+00
  3.642E-04  3.664E-04  0.000E+00  0.000E+00
  3.664E-04  3.687E-04  0.000E+00  0.000E+00
  3.687E-04  3.710E-04  0.000E+00  0.000E+00
  3.710E-04  3.733E-04  0.000E+00  0.000E+00
  3.733E-04  3.757E-04  0.000E+00  0.000E+00
  3.757E-04  3.780E-04  0.000E+00  0.000E+00
  3.780E-04  3.804E-04  0.000E+00  0.000E+00
  3.804E-04  3.827E-04  0.000E+00  0.000E+00
  3.827E-04  3.851E-04  0.000E+00  0.000E+00
  3.851E-04  3.875E-04  0.000E+00  0.000E+00
  3.875E-04  3.899E-04  0.000E+00  0.000E+00
  3.899E-04  3.924E-04  0.000E+00  0.000E+00
  3.924E-04  3.948E-04  0.000E+00  0.000E+00
  3.948E-04  3.973E-04  0.000E+00  0.000E+00
  3.973E-04  3.998E-04  0.000E+00  0.000E+00
  3.998E-04  4.022E-04  0.000E+00  0.000E+00
  4.022E-04  4.048E-04  0.000E+00  0.000E+00
  4.048E-04  4.073E-04  0.000E+00  0.000E+00
  4.073E-04  4.098E-04  0.000E+00  0.000E+00
  4.098E-04  4.124E-04  0.000E+00  0.000E+00
  4.124E-04  4.149E-04  0.000E+00  0.000E+00
  4.149E-04  4.175E-04  0.000E+00  0.000E+00
  4.175E-04  4.201E-04  0.000E+00  0.000E+00
  4.201E-04  4.227E-04  0.000E+00  0.000E+00
  4.227E-04  4.254E-04  0.000E+00  0.000E+00
  4.254E-04  4.280E-04  0.000E+00  0.000E+00
  4.280E-04  4.307E-04  0.000E+00  0.000E+00
  4.307E-04  4.334E-04  0.000E+00  0.000E+00
  4.334E-04  4.361E-04  0.000E+00  0.000E+00
  4.361E-04  4.388E-04  0.000E+00  0.000E+00
  4.388E-04  4.415E-04  0.000E+00  0.000E+00
  4.415E-04  4.443E-04  0.000E+00  0.000E+00
  4.443E-04  4.471E-04  0.000E+00  0.000E+00
  4.471E-04  4.499E-04  0.000E+00  0.000E+00
  4.499E-04  4.527E-04  0.000E+00  0.000E+00
  4.527E-04  4.555E-04  0.000E+00  0.000E+00
  4.555E-04  4.583E-04  0.000E+00  0.000E+00
  4.583E-04  4.612E-04  0.000E+00  0.000E+00
  4.612E-04  4.641E-04  0.000E+00  0.000E+00
  4.641E-04  4.669E-04  0.000E+00  0.000E+00
  4.669E-04  4.699E-04  0.000E+00  0.000E+00
  4.699E-04  4.728E-04  0.000E+00  0.000E+00
  4.728E-04  4.757E-04  0.000E+00  0.000E+00
  4.757E-04  4.787E-04  0.000E+00  0.000E+00
  4.787E-04  4.817E-04  0.000E+00  0.000E+00
  4.817E-04  4.847E-04  0.000E+00  0.000E+00
  4.847E-04  4.877E-04  0.000E+00  0.000E+00
  4.877E-04  4.907E-04  0.000E+00  0.000E+00
  4.907E-04  4.938E-04  0.000E+00  0.000E+00
  4.938E-04  4.969E-04  0.000E+00  0.000E+00
  4.969E-04  5.000E-04  0.000E+00  0.000E+00
